<?xml version="1.0" encoding="UTF-8"?>
<!-- Generated by org.testng.reporters.JUnitReportReporter -->
<testsuite hostname="DESKTOP-QIRNC46" failures="0" tests="2" name="com.hybrid.LoginPageTest" time="6.873" errors="0" timestamp="2024-03-22T17:34:21 IST" skipped="0">
  <testcase classname="com.hybrid.LoginPageTest" name="testTitle" time="4.189"/>
  <system-out/>
  <testcase classname="com.hybrid.LoginPageTest" name="adminLogin" time="2.684"/>
  <system-out/>
</testsuite> <!-- com.hybrid.LoginPageTest -->
